
***** ELIMINATE *****
both
" " (it's just a space)
rest of group

***** MAGICAL INDIVIDUAL CHARACTERS *****

abe lincoln
abracadaniel
achillea
ancient psychic tandem war elephant
ancient sleeping magi of life giving
beth
breakfast princess
bounce house princess
colonel candy corn
vampire king
crab demon
demon cat
death
flame king
flame lord
why-wolf

***** GROUPS OF CHARACTERS *****


[put "alarm clock with a headshot of princess bubblegum taped to the minute handall" w/ alarms]

[add to villager/townspeople:
woman                                                                       3        3     3         3     
woman behind counter                                                        1        1     1         1     
woman in movie
unknown                                                                     3        3     3         3     
unknown person
one of the villagers
the villager 
citizens
man                                                                         11       11    11        11    
man 2                                                                       1        1     1         1     
man behind the counter                                                      2        2     2         2     
man in movie                                                                2        2     2         2     
someone off screen
speaker 
various patients
the villager
person
people
people from both sides
people offscreen
patron
worker                                                                      5        5     5         5     
workers 
scientist                                                                   6        6     6         6     
scientists
waiter
guy                                                                         1        1     1         1     
guy #1                                                                      2        2     2         2     
everyone
everyone else
everyone except mrs. cow
farmer                                                                      5        5     5         5     
farmer #2                                                                   1        1     1         1     
figure
big guy                                                                     2        2     2         2     
big old woman                                                               1        1     1         1     
bikini babe (green skin;black hair)                                         1        1     1         1     
bikini babe (green skin;brown hair)                                         1        1     1         1     
camera
conductor                                                                   5        5     5         5     
conductor over intercom                                                     1        1     1         1     
commander
customer
kid 1
amazonia
broom store owner
clown 
coal man
crossbow guy
denise                                                                      1        1     1         1     
destiny gang                                                                1        1     1         1     
female worker
fine lady
wise man 1
male worker
beautiful lady
baskets & boots owner
restaurant customers
]

skeleton                                                                    4        4     4         4     
skeleton guy (lester)                                                       1        1     1         1     
skeleton princess                                                           1        1     1         1     
boney
spear skeleton
group of skeletons

gumbald                                                                     19       19    19        19    
gumbald's cabin                                                             3        3     3         3     
punch bowl                                                                  1        1     1         1     

gumball guardian                                                            22       22    22        22    
gumball guardian #1                                                         2        2     2         2     
gumball guardian #2                                                         2        2     2         2     
gumball guardians                                                           4        4     4         4     
prize ball guardian                                                         1        1     1         1     

guardian #1                                                                 1        1     1         1     
guardian 1                                                                  5        5     5         5     
guardian 2                                                                  2        2     2         2     
guardian of the mountain                                                    5        5     5         5     

guard                                                                       2        2     2         2     
guard 1                                                                     1        1     1         1     
guard 3                                                                     2        2     2         2     
guards

house
building
house people
jail house
bank house
barn house

cuber
baby cuber
cuber (baby)


turtle princess                                                             27       27    27        27    
turtle king                                                                 1        1     1         1     

bee person                                                                  8        8     8         8     
bee princess                                                                2        2     2         2     

wolf 
alpha hug wolf
wolf of fire 

bellamy                                                                     1        1     1         1     
bellamy bug                                                                 2        2     2         2     

cookie                                                                      42       42    42        42    
cookie [voiceover]                                                          1        1     1         1     

cosmic owl
comic owl

margaret
flashback margaret
holo-margaret

crystal guardian #1                                                         4        4     4         4     
crystal guardian #2                                                         3        3     3         3     
crystal guardian #3                                                         16       16    16        16    
crystal guardian #3?                                                        1        1     1         1     
crystal guardian finn                                                       3        3     3         3     
crystal guardian jake                                                       5        5     5         5     
crystal guardians                                                           2        2     2         2     


flame princess                                                              265      265   265       265   
flame princess                                                              1        1     1         1     

cheryl                                                                      9        9     9         9     
cheryl (recording)                                                          1        1     1         1     

zombie                                                                      1        1     1         1     
zombie cinnamon bun                                                         1        1     1         1     
zombie love heart                                                           1        1     1         1     
zombie mr. cream puff                                                       2        2     2         2     
revived zombie
winged zombies

prismo
past prismo
old man prismo
revived prismo

billy
young billy

bath boy                                                                    4        4     4         4     
bath boy gang leader [flashback]                                            1        1     1         1     


cube people                                                                 1        1     1         1     
cube person #1                                                              4        4     4         4     
cube person #2                                                              3        3     3         3     


flame person                                                                10       10    10        10    
flame messenger                                                             1        1     1         1     
flame people                                                                6        6     6         6     
fire denizens 1                                                             2        2     2         2     
fire denizens 2                                                             2        2     2         2     
flame jester
female flame person
male flame person
flame prince, turtle prince, marshal lee, and prince gumball                1        1     1         1     
flame princess' older brother                                               7        7     7         7     

flame guard                                                                 7        7     7         7     
flame guard #1                                                              5        5     5         5     
flame guard #2                                                              2        2     2         2     
flame guards                                                                7        7     7         7     


flying lettuce brother                                                      1        1     1         1     
flying lettuce brothers                                                     13       13    13        13    


spiky guard                                                                 1        1     1         1     
spiky guards                                                                1        1     1         1     
spiky people                                                                1        1     1         1     
spiky person                                                                1        1     1         1     

peppermint butler                                                           131      131   131       131   
peppermint butler's mouth                                                   1        1     1         1     

pat                                                                         2        2     2         2     
pat mchale                                                                  2        2     2         2     


hooligan                                                                    3        3     3         3     
hooligans                                                                   1        1     1         1     
hooligans carrying candle                                                   1        1     1         1     
another hooligan
criminal 1                                                                  1        1     1         1     
criminal 2                                                                  1        1     1         1     
criminal 3                                                                  1        1     1         1     

simon                                                                       114      114   114       114   
simon (over telephone)                                                      1        1     1         1     
simon [on tape]                                                             2        2     2         2     
simon petrikov                                                              1        1     1         1     


starchie                                                                    43       43    43        43    
starchie (on radio)                                                         1        1     1         1     
starchy                                                                     49       49    49        49    


squirrel                                                                    28       28    28        28    
squirrels                                                                   1        1     1         1     

fox #1                                                                      1        1     1         1     
fox #2                                                                      1        1     1         1     
fox #3                                                                      1        1     1         1     



marshmallow                                                                 1        1     1         1     
marshmallow kid                                                             3        3     3         3     
marshmallow kid 1                                                           1        1     1         1     
marshmallow kids                                                            1        1     1         1     

muscular ghost 1                                                            2        2     2         2     
muscular ghost 2                                                            1        1     1         1     
muscular ghost 3                                                            2        2     2         2     


[ add to voice list:
stranger                                                                    3        3     3         3     
stranger's voice                                                            1        1     1         1     
voice
male voice
robotic voice

]

joshua                                                                      44       44    44        44    
joshua [on tape]                                                            16       16    16        16    
joshua [on tapes, which are being tampered with by jake]                    1        1     1         1     
imaginary joshua 

marauder                                                                    7        7     7         7     
marauder #1                                                                 1        1     1         1     
marauder #2                                                                 1        1     1         1     
marauders                                                                   6        6     6         6     

head marauder                                                               3        3     3         3     
head marauder                                                               11       11    11        11    

creature                                                                    5        5     5         5     
creature 2                                                                  1        1     1         1     
creature 3                                                                  1        1     1         1     
ice cube creature 
mushroom creatures
cactus creature

cloud                                                                       3        3     3         3     
cloud dance                                                                 4        4     4         4     
cloud kid 1                                                                 1        1     1         1     
cloud kid 2                                                                 1        1     1         1     
cloud man                                                                   2        2     2         2     
cloud man 1                                                                 1        1     1         1     
cloud man 2                                                                 1        1     1         1     
cloud woman 2                                                               1        1     1         1     

clarence                                                                    21       21    21        21    
clarence [in flashback]                                                     3        3     3         3     


fat villager                                                                10       10    10        10    
fat villager #1                                                             1        1     1         1     
fat villager #2                                                             1        1     1         1     
fat villager #3                                                             1        1     1         1     
fat villager #4                                                             1        1     1         1     
fat villagers
male fat villager 
female fat villager 
another fat villager

tv
t.v.

bufo, the forest wizard, and the laser wizard 
2 wizards
brain wizard                                                                2        2     2         2     
grassy wizard
lady wizard #1
laser wizard
mouse wizard
naked wizard
old wizard
wizard bill                                                                 1        1     1         1     
wizard policeman                                                            8        8     8         8     
wizard thief                                                                1        1     1         1     
wizrd policeman                                                             1        1     1         1     
rag wizard                                                                  13       13    13        13    

a goblin
all 3 goblins
all three goblins
another goblin
goblin                                                                      8        8     8         8     
goblin guard 1                                                              3        3     3         3     
goblin guard 2 (jeff)                                                       3        3     3         3     
goblin in the pit                                                           1        1     1         1     
goblin thief #1                                                             1        1     1         1     
goblin thief #2                                                             2        2     2         2     
goblin with cane                                                            1        1     1         1     
goblin with hammer                                                          1        1     1         1     
goblins                                                                     10       10    10        10    
goblins around the sink 
one goblin                                                                  1        1     1         1     
one goblin around the sink 
tiny goblin

tree trunks                                                                 216      216   216       216   
tree trunks                                                                 1        1     1         1     

tree                                                                        1        1     1         1     
tree spirit                                                                 3        3     3         3     


rock                                                                        1        1     1         1     
rock man                                                                    1        1     1         1     
rock nurse                                                                  1        1     1         1     
rock wizard                                                                 2        2     2         2     
rock woodsman                                                               2        2     2         2     
dumb rock

a worm 
worm
worms

king worm
smaller king worm

professor worm
worm with glasses

all demons
demon
demon in crowd
demon in crowd #2
demon in line
half monster demon
line demon
small demon
two-headed demon  
demon dad
weird punishment demon
big demon
boat demon
grass demon
blood demon      
blood demon [on tape]

all knights
gnome knight
bucket knight
knight 1                                                                    1        1     1         1     
knight 1 
mouse knight
one knight

hot dog knight #1                                                           5        5     5         5     
hot dog knight #2                                                           7        7     7         7     
hot dog knight #3                                                           4        4     4         4     
hot dog knight #4                                                           5        5     5         5     
hot dog knights 

two-headed thief head 1                                                     1        1     1         1     
two-headed thief head 2                                                     2        2     2         2     

one-eyed koala                                                              2        2     2         2     
one-eyed koala (offscreen)                                                  1        1     1         1     
small koala
two other koalas 

lumpy servants
lumpy space messenger                                                       1        1     1         1     
lumpy space person                                                          2        2     2         2     


all the animals
all the other animals
the animal
antelope
dog

all the suitors
suitor #1                                                                   1        1     1         1     
suitor #2                                                                   1        1     1         1     
suitor #3 

allmo                                                                       16       16    16        16    
allmo (flashback)                                                           1        1     1         1     
allmo (vo)                                                                  1        1     1         1     

amo                                                                         11       11    11        11    
amo (vo)  

beemo
bmo
bmo (flashback)                                                             1        1     1         1     
bmo (os)                                                                    1        1     1         1     
bmo (vo)                                                                    1        1     1         1     
bmo [as bebe]                                                               5        5     5         5     
bmo [as lorraine]                                                           12       12    12        12    
bmo [as officer davis]                                                      5        5     5         5     
bmo [as ronnie, deeper voice]                                               1        1     1         1     
bmo [as ronnie]                                                             6        6     6         6     
bmo [flashback]                                                             1        1     1         1     
bmo [in its thoughts]                                                       1        1     1         1     
bmo [narrating]

box prince                                                                  3        3     3         3     
box prince #2

bug
bugs
bug and fly in unison
fly 
butterfly                                                                   1        1     1         1     
butterfly bandit                                                            1        1     1         1     
boy ant
ant
dad bug
dancing beetle
caterpillar

cherry cream soda                                                           25       25    25        25    
chery cream soda                                                            17       17    17        17    

clone james                                                                 14       14    14        14    
clone james i                                                               5        5     5         5     
clone james ii&iii                                                          1        1     1         1     
clone james iv                                                              1        1     1         1     
clone james v                                                               1        1     1         1     
clone james vi                                                              4        4     4         4     
james ii                                                                    10       10    10        10    
james' clone                                                                3        3     3         3     
jameses                                                                     4        4     4         4     
the four jameses

businessman                                                                 1        1     1         1     
businessmen  

cake person                                                                 1        1     1         1     
cake person [shattered] 

dream warrior                                                               9        9     9         9     
dream warrior [flashback]                                                   1        1     1         1     


candy baby                                                                  1        1     1         1     
candy bonnibel                                                              2        2     2         2     
candy butler                                                                1        1     1         1     
candy child                                                                 4        4     4         4     
candy child (terry)                                                         3        3     3         3     
candy child 2                                                               4        4     4         4     
candy child 3                                                               2        2     2         2     
candy children                                                              3        3     3         3     
candy crowd                                                                 1        1     1         1     
candy dude                                                                  1        1     1         1     
candy gardener #1                                                           2        2     2         2     
candy gardener #2                                                           2        2     2         2     
candy magician                                                              1        1     1         1     
candy mother                                                                2        2     2         2     
candy nanny                                                                 1        1     1         1     
candy people                                                                19       19    19        19    
candy person                                                                7        7     7         7     
candy person #1                                                             7        7     7         7     
candy person #103                                                           1        1     1         1     
candy person #15                                                            1        1     1         1     
candy person #24                                                            1        1     1         1     
candy person #29                                                            2        2     2         2     
candy person #33                                                            1        1     1         1     
candy person 1                                                              2        2     2         2     
candy person 2                                                              2        2     2         2     
candy person 3                                                              1        1     1         1     
candy sheriff                                                               2        2     2         2     
candy soldier                                                               2        2     2         2     
candy soldiers                                                              4        4     4         4     
candy tavern person
another candy person
little candy person
random candy person
red gumball/candy child 
lollipop girl
upside-down ice cream cone
green gumdrop dude                                                          3        3     3         3     
green lollipop girl                                                         3        3     3         3     
ice cream guy                                                               1        1     1         1     
ice cream lady                                                              1        1     1         1     
gumdrop dad                                                                 2        2     2         2     
gumdrop guy                                                                 4        4     4         4     
gumdrop lass 1                                                              4        4     4         4     
gumdrop lass 2                                                              1        1     1         1     
gumdrop lasses                                                              1        1     1         1     
gumdrop teenager                                                            2        2     2         2     
blueberry cop 1                                                             3        3     3         3     
blueberry cop 2 (jimmy)                                                     1        1     1         1     

ice king
ice king [flashback]                                                        1        1     1         1     
ice king [in flashback]                                                     3        3     3         3     
ice king [off-screen]                                                       2        2     2         2     
ice king [on tape]                                                          10       10    10        10    
ice king [voice-over]                                                       1        1     1         1     
ice king's crown


young girl in audience 
audience                                                                    14       14    14        14    
audience member 
male audience member


woobeewoo                                                                   5        5     5         5     
woobeewoo (in flashback)                                                    3        3     3         3     
woobeewoo elder                                                             5        5     5         5     
woobeewoo on right

the lich
lich
snail [the lich] 
lich/jake                                                                   2        2     2         2     
lich/sweet p 


lumpy space princess                                                        362      362   362       362   
lumpy space princess [voice-over]
lsp

wildberry guard #1                                                          2        2     2         2     
wildberry guard #2                                                          1        1     1         1     

wildberry kid                                                               5        5     5         5     
wildberry kids                                                              1        1     1         1     
wildberry people                                                            2        2     2         2     

wildberry princess                                                          41       41    41        41    
wildberry princess [on tape]                                                1        1     1         1     


betty
betty grof

bird                                                                        4        4     4         4     
bird 1                                                                      1        1     1         1     
bird 2                                                                      1        1     1         1     
brown bird
mama bird
momma bird [in finn's thoughts]
baby birds
hatchlings

witch                                                                       25       25    25        25    
witch [in jake's memory]

black-haired witch
blonde witch
brown-haired 

hunson                                                                      16       16    16        16    
hunson abadeer                                                              8        8     8         8     


gnome 1                                                                     1        1     1         1     
gnome 2                                                                     1        1     1         1     
gnome tenant                                                                2        2     2         2     
gnomes                                                                      3        3     3         3     

tree witch
tree witch'

ghost princess                                                              22       22    22        22    
ghost princess [in flashback]                                               2        2     2         2     

ghost                                                                       6        6     6         6     
ghost announcer                                                             1        1     1         1     
ghost fly                                                                   7        7     7         7     
ghost jake                                                                  1        1     1         1     
ghost man                                                                   8        8     8         8     
ghost soup                                                                  2        2     2         2     
cherry blossom ghost
